#
# There is insufficient memory for the Java Runtime Environment to continue.
# Native memory allocation (mmap) failed to map 8589934592 bytes for committing reserved memory.
# Possible reasons:
#   The system is out of physical RAM or swap space
#   The process is running with CompressedOops enabled, and the Java Heap may be blocking the growth of the native heap
# Possible solutions:
#   Reduce memory load on the system
#   Increase physical memory or swap space
#   Check if swap backing store is full
#   Decrease Java heap size (-Xmx/-Xms)
#   Decrease number of Java threads
#   Decrease Java thread stack sizes (-Xss)
#   Set larger code cache with -XX:ReservedCodeCacheSize=
#   JVM is running with Zero Based Compressed Oops mode in which the Java heap is
#     placed in the first 32GB address space. The Java Heap base address is the
#     maximum limit for the native heap growth. Please use -XX:HeapBaseMinAddress
#     to set the Java Heap base and to place the Java Heap above 32GB virtual address.
# This output file may be truncated or incomplete.
#
#  Out of Memory Error (os_linux.cpp:2728), pid=3631, tid=3632
#
# JRE version:  (17.0.1+12) (build )
# Java VM: Java HotSpot(TM) 64-Bit Server VM (17.0.1+12-LTS-39, mixed mode, sharing, tiered, compressed oops, compressed class ptrs, g1 gc, linux-amd64)
# Core dump will be written. Default location: Core dumps may be processed with "/usr/share/apport/apport %p %s %c %d %P %E" (or dumping to /home/Minecraft/minecraft/core.3631)
#

---------------  S U M M A R Y ------------

Command Line: -Xmx8G -Xms8G server.jar nogui

Host: Intel(R) Xeon(R) Platinum 8272CL CPU @ 2.60GHz, 2 cores, 7G, Ubuntu 20.04.3 LTS
Time: Wed Dec  8 14:25:29 2021 UTC elapsed time: 0.007010 seconds (0d 0h 0m 0s)

---------------  T H R E A D  ---------------

Current thread (0x00007fcacc0236b0):  JavaThread "Unknown thread" [_thread_in_vm, id=3632, stack(0x00007fcad1df9000,0x00007fcad1efa000)]

Stack: [0x00007fcad1df9000,0x00007fcad1efa000],  sp=0x00007fcad1ef83f0,  free space=1020k
Native frames: (J=compiled Java code, j=interpreted, Vv=VM code, C=native code)
V  [libjvm.so+0xe0b691]  VMError::report_and_die(int, char const*, char const*, __va_list_tag*, Thread*, unsigned char*, void*, void*, char const*, int, unsigned long)+0x1a1
V  [libjvm.so+0xe0c25d]  VMError::report_and_die(Thread*, char const*, int, unsigned long, VMErrorType, char const*, __va_list_tag*)+0x2d
V  [libjvm.so+0x5d6223]  report_vm_out_of_memory(char const*, int, unsigned long, VMErrorType, char const*, ...)+0xc3
V  [libjvm.so+0xbe57a8]  os::pd_commit_memory_or_exit(char*, unsigned long, unsigned long, bool, char const*)+0xd8
V  [libjvm.so+0xbde92d]  os::commit_memory_or_exit(char*, unsigned long, unsigned long, bool, char const*)+0x1d
V  [libjvm.so+0x70042e]  G1PageBasedVirtualSpace::commit(unsigned long, unsigned long)+0x18e
V  [libjvm.so+0x714d51]  G1RegionsLargerThanCommitSizeMapper::commit_regions(unsigned int, unsigned long, WorkGang*)+0x1a1
V  [libjvm.so+0x7a6648]  HeapRegionManager::commit_regions(unsigned int, unsigned long, WorkGang*)+0x58
V  [libjvm.so+0x7a7a05]  HeapRegionManager::expand(unsigned int, unsigned int, WorkGang*)+0x35
V  [libjvm.so+0x7a7c1e]  HeapRegionManager::expand_by(unsigned int, WorkGang*)+0x7e
V  [libjvm.so+0x6bad4f]  G1CollectedHeap::expand(unsigned long, WorkGang*, double*)+0xef
V  [libjvm.so+0x6bb4ff]  G1CollectedHeap::initialize()+0x72f
V  [libjvm.so+0xdbcaad]  universe_init()+0xbd
V  [libjvm.so+0x7c82c7]  init_globals()+0x37
V  [libjvm.so+0xd93ccf]  Threads::create_vm(JavaVMInitArgs*, bool*)+0x39f
V  [libjvm.so+0x896361]  JNI_CreateJavaVM+0x51
C  [libjli.so+0x3a8f]  JavaMain+0x8f
C  [libjli.so+0x7ee9]  ThreadJavaMain+0x9


---------------  P R O C E S S  ---------------

Threads class SMR info:
_java_thread_list=0x00007fcad32b2620, length=0, elements={
}

Java Threads: ( => current thread )

Other Threads:
  0x00007fcacc058320 GCTaskThread "GC Thread#0" [stack: 0x00007fcad0825000,0x00007fcad0925000] [id=3633]
  0x00007fcacc0698f0 ConcurrentGCThread "G1 Main Marker" [stack: 0x00007fcad0723000,0x00007fcad0823000] [id=3634]
  0x00007fcacc06a850 ConcurrentGCThread "G1 Conc#0" [stack: 0x00007fcad0621000,0x00007fcad0721000] [id=3635]

[error occurred during error reporting (printing all threads), id 0xb, SIGSEGV (0xb) at pc=0x00007fcad2727990]

VM state: not at safepoint (not fully initialized)

VM Mutex/Monitor currently owned by a thread:  ([mutex/lock_event])
[0x00007fcacc020a30] Heap_lock - owner thread: 0x00007fcacc0236b0

Heap address: 0x0000000600000000, size: 8192 MB, Compressed Oops mode: Zero based, Oop shift amount: 3

CDS archive(s) mapped at: [0x0000000000000000-0x0000000000000000-0x0000000000000000), size 0, SharedBaseAddress: 0x0000000800000000, ArchiveRelocationMode: 0.
Narrow klass base: 0x0000000000000000, Narrow klass shift: 0, Narrow klass range: 0x0

GC Precious Log:
<Empty>

Heap:
 garbage-first heap   total 0K, used 0K [0x0000000600000000, 0x0000000800000000)
  region size 4096K, 0 young (0K), 0 survivors (0K)

[error occurred during error reporting (printing heap information), id 0xb, SIGSEGV (0xb) at pc=0x00007fcad2cddcea]

GC Heap History (0 events):
No events

Deoptimization events (0 events):
No events

Classes unloaded (0 events):
No events

Classes redefined (0 events):
No events

Internal exceptions (0 events):
No events

VM Operations (0 events):
No events

Events (2 events):
Event: 0.001 Protecting memory [0x00007fcad1df9000,0x00007fcad1dfd000] with protection modes 0
Event: 0.002 Loaded shared library /usr/lib/jvm/java-17-oracle/lib/libjava.so


Dynamic libraries:
55683eb4d000-55683eb4e000 r-xp 00000000 08:01 258869                     /usr/lib/jvm/java-17-oracle/bin/java
55683eb4f000-55683eb50000 r--p 00001000 08:01 258869                     /usr/lib/jvm/java-17-oracle/bin/java
55683eb50000-55683eb51000 rw-p 00002000 08:01 258869                     /usr/lib/jvm/java-17-oracle/bin/java
55683f46b000-55683f48c000 rw-p 00000000 00:00 0                          [heap]
7fca94000000-7fca94021000 rw-p 00000000 00:00 0 
7fca94021000-7fca98000000 ---p 00000000 00:00 0 
7fca98000000-7fca98021000 rw-p 00000000 00:00 0 
7fca98021000-7fca9c000000 ---p 00000000 00:00 0 
7fca9c000000-7fca9c021000 rw-p 00000000 00:00 0 
7fca9c021000-7fcaa0000000 ---p 00000000 00:00 0 
7fcaa1768000-7fcaa3768000 rw-p 00000000 00:00 0 
7fcaa3768000-7fcab5768000 ---p 00000000 00:00 0 
7fcab5768000-7fcab59d8000 rwxp 00000000 00:00 0 
7fcab59d8000-7fcab5cf7000 ---p 00000000 00:00 0 
7fcab5cf7000-7fcab5f67000 rwxp 00000000 00:00 0 
7fcab5f67000-7fcabd22f000 ---p 00000000 00:00 0 
7fcabd22f000-7fcabd49f000 rwxp 00000000 00:00 0 
7fcabd49f000-7fcac4768000 ---p 00000000 00:00 0 
7fcac4768000-7fcacc000000 r--s 00000000 08:01 259286                     /usr/lib/jvm/java-17-oracle/lib/modules
7fcacc000000-7fcacc07f000 rw-p 00000000 00:00 0 
7fcacc07f000-7fcad0000000 ---p 00000000 00:00 0 
7fcad0070000-7fcad061f000 rw-p 00000000 00:00 0 
7fcad061f000-7fcad0620000 ---p 00000000 00:00 0 
7fcad0620000-7fcad0721000 rw-p 00000000 00:00 0 
7fcad0721000-7fcad0722000 ---p 00000000 00:00 0 
7fcad0722000-7fcad0823000 rw-p 00000000 00:00 0 
7fcad0823000-7fcad0824000 ---p 00000000 00:00 0 
7fcad0824000-7fcad096a000 rw-p 00000000 00:00 0 
7fcad096a000-7fcad196a000 ---p 00000000 00:00 0 
7fcad196a000-7fcad1bb2000 rw-p 00000000 00:00 0 
7fcad1bb2000-7fcad1c98000 ---p 00000000 00:00 0 
7fcad1c98000-7fcad1c9d000 rw-p 00000000 00:00 0 
7fcad1c9d000-7fcad1d83000 ---p 00000000 00:00 0 
7fcad1d83000-7fcad1d88000 rw-p 00000000 00:00 0 
7fcad1d88000-7fcad1d8f000 ---p 00000000 00:00 0 
7fcad1d8f000-7fcad1db3000 r-xp 00000000 08:01 259262                     /usr/lib/jvm/java-17-oracle/lib/libjava.so
7fcad1db3000-7fcad1db4000 ---p 00024000 08:01 259262                     /usr/lib/jvm/java-17-oracle/lib/libjava.so
7fcad1db4000-7fcad1db5000 r--p 00024000 08:01 259262                     /usr/lib/jvm/java-17-oracle/lib/libjava.so
7fcad1db5000-7fcad1db6000 rw-p 00025000 08:01 259262                     /usr/lib/jvm/java-17-oracle/lib/libjava.so
7fcad1db6000-7fcad1db7000 rw-p 00000000 00:00 0 
7fcad1db7000-7fcad1dbf000 rw-s 00000000 08:01 258680                     /tmp/hsperfdata_Minecraft/3631
7fcad1dbf000-7fcad1dc2000 r--p 00000000 08:01 3461                       /usr/lib/x86_64-linux-gnu/libnss_files-2.31.so
7fcad1dc2000-7fcad1dc9000 r-xp 00003000 08:01 3461                       /usr/lib/x86_64-linux-gnu/libnss_files-2.31.so
7fcad1dc9000-7fcad1dcb000 r--p 0000a000 08:01 3461                       /usr/lib/x86_64-linux-gnu/libnss_files-2.31.so
7fcad1dcb000-7fcad1dcc000 r--p 0000b000 08:01 3461                       /usr/lib/x86_64-linux-gnu/libnss_files-2.31.so
7fcad1dcc000-7fcad1dcd000 rw-p 0000c000 08:01 3461                       /usr/lib/x86_64-linux-gnu/libnss_files-2.31.so
7fcad1dcd000-7fcad1dd3000 rw-p 00000000 00:00 0 
7fcad1dda000-7fcad1df5000 r-xp 00000000 08:01 259266                     /usr/lib/jvm/java-17-oracle/lib/libjimage.so
7fcad1df5000-7fcad1df6000 ---p 0001b000 08:01 259266                     /usr/lib/jvm/java-17-oracle/lib/libjimage.so
7fcad1df6000-7fcad1df8000 r--p 0001b000 08:01 259266                     /usr/lib/jvm/java-17-oracle/lib/libjimage.so
7fcad1df8000-7fcad1df9000 rw-p 0001d000 08:01 259266                     /usr/lib/jvm/java-17-oracle/lib/libjimage.so
7fcad1df9000-7fcad1dfd000 ---p 00000000 00:00 0 
7fcad1dfd000-7fcad1efa000 rw-p 00000000 00:00 0 
7fcad1efa000-7fcad1f09000 r--p 00000000 08:01 3455                       /usr/lib/x86_64-linux-gnu/libm-2.31.so
7fcad1f09000-7fcad1fb0000 r-xp 0000f000 08:01 3455                       /usr/lib/x86_64-linux-gnu/libm-2.31.so
7fcad1fb0000-7fcad2047000 r--p 000b6000 08:01 3455                       /usr/lib/x86_64-linux-gnu/libm-2.31.so
7fcad2047000-7fcad2048000 r--p 0014c000 08:01 3455                       /usr/lib/x86_64-linux-gnu/libm-2.31.so
7fcad2048000-7fcad2049000 rw-p 0014d000 08:01 3455                       /usr/lib/x86_64-linux-gnu/libm-2.31.so
7fcad2049000-7fcad204c000 r--p 00000000 08:01 3471                       /usr/lib/x86_64-linux-gnu/librt-2.31.so
7fcad204c000-7fcad2050000 r-xp 00003000 08:01 3471                       /usr/lib/x86_64-linux-gnu/librt-2.31.so
7fcad2050000-7fcad2051000 r--p 00007000 08:01 3471                       /usr/lib/x86_64-linux-gnu/librt-2.31.so
7fcad2051000-7fcad2052000 ---p 00008000 08:01 3471                       /usr/lib/x86_64-linux-gnu/librt-2.31.so
7fcad2052000-7fcad2053000 r--p 00008000 08:01 3471                       /usr/lib/x86_64-linux-gnu/librt-2.31.so
7fcad2053000-7fcad2054000 rw-p 00009000 08:01 3471                       /usr/lib/x86_64-linux-gnu/librt-2.31.so
7fcad2054000-7fcad317b000 r-xp 00000000 08:01 259298                     /usr/lib/jvm/java-17-oracle/lib/server/libjvm.so
7fcad317b000-7fcad3230000 r--p 01126000 08:01 259298                     /usr/lib/jvm/java-17-oracle/lib/server/libjvm.so
7fcad3230000-7fcad3263000 rw-p 011db000 08:01 259298                     /usr/lib/jvm/java-17-oracle/lib/server/libjvm.so
7fcad3263000-7fcad32bf000 rw-p 00000000 00:00 0 
7fcad32bf000-7fcad32e4000 r--p 00000000 08:01 3453                       /usr/lib/x86_64-linux-gnu/libc-2.31.so
7fcad32e4000-7fcad345c000 r-xp 00025000 08:01 3453                       /usr/lib/x86_64-linux-gnu/libc-2.31.so
7fcad345c000-7fcad34a6000 r--p 0019d000 08:01 3453                       /usr/lib/x86_64-linux-gnu/libc-2.31.so
7fcad34a6000-7fcad34a7000 ---p 001e7000 08:01 3453                       /usr/lib/x86_64-linux-gnu/libc-2.31.so
7fcad34a7000-7fcad34aa000 r--p 001e7000 08:01 3453                       /usr/lib/x86_64-linux-gnu/libc-2.31.so
7fcad34aa000-7fcad34ad000 rw-p 001ea000 08:01 3453                       /usr/lib/x86_64-linux-gnu/libc-2.31.so
7fcad34ad000-7fcad34b1000 rw-p 00000000 00:00 0 
7fcad34b1000-7fcad34b2000 r--p 00000000 08:01 3454                       /usr/lib/x86_64-linux-gnu/libdl-2.31.so
7fcad34b2000-7fcad34b4000 r-xp 00001000 08:01 3454                       /usr/lib/x86_64-linux-gnu/libdl-2.31.so
7fcad34b4000-7fcad34b5000 r--p 00003000 08:01 3454                       /usr/lib/x86_64-linux-gnu/libdl-2.31.so
7fcad34b5000-7fcad34b6000 r--p 00003000 08:01 3454                       /usr/lib/x86_64-linux-gnu/libdl-2.31.so
7fcad34b6000-7fcad34b7000 rw-p 00004000 08:01 3454                       /usr/lib/x86_64-linux-gnu/libdl-2.31.so
7fcad34b7000-7fcad34be000 r--p 00000000 08:01 3469                       /usr/lib/x86_64-linux-gnu/libpthread-2.31.so
7fcad34be000-7fcad34cf000 r-xp 00007000 08:01 3469                       /usr/lib/x86_64-linux-gnu/libpthread-2.31.so
7fcad34cf000-7fcad34d4000 r--p 00018000 08:01 3469                       /usr/lib/x86_64-linux-gnu/libpthread-2.31.so
7fcad34d4000-7fcad34d5000 r--p 0001c000 08:01 3469                       /usr/lib/x86_64-linux-gnu/libpthread-2.31.so
7fcad34d5000-7fcad34d6000 rw-p 0001d000 08:01 3469                       /usr/lib/x86_64-linux-gnu/libpthread-2.31.so
7fcad34d6000-7fcad34da000 rw-p 00000000 00:00 0 
7fcad34da000-7fcad34e9000 r-xp 00000000 08:01 259267                     /usr/lib/jvm/java-17-oracle/lib/libjli.so
7fcad34e9000-7fcad34ea000 r--p 0000e000 08:01 259267                     /usr/lib/jvm/java-17-oracle/lib/libjli.so
7fcad34ea000-7fcad34eb000 rw-p 0000f000 08:01 259267                     /usr/lib/jvm/java-17-oracle/lib/libjli.so
7fcad34eb000-7fcad34ed000 r--p 00000000 08:01 3872                       /usr/lib/x86_64-linux-gnu/libz.so.1.2.11
7fcad34ed000-7fcad34fe000 r-xp 00002000 08:01 3872                       /usr/lib/x86_64-linux-gnu/libz.so.1.2.11
7fcad34fe000-7fcad3504000 r--p 00013000 08:01 3872                       /usr/lib/x86_64-linux-gnu/libz.so.1.2.11
7fcad3504000-7fcad3505000 ---p 00019000 08:01 3872                       /usr/lib/x86_64-linux-gnu/libz.so.1.2.11
7fcad3505000-7fcad3506000 r--p 00019000 08:01 3872                       /usr/lib/x86_64-linux-gnu/libz.so.1.2.11
7fcad3506000-7fcad3507000 rw-p 0001a000 08:01 3872                       /usr/lib/x86_64-linux-gnu/libz.so.1.2.11
7fcad350c000-7fcad350d000 ---p 00000000 00:00 0 
7fcad350d000-7fcad350e000 r--p 00000000 00:00 0 
7fcad350e000-7fcad3510000 rw-p 00000000 00:00 0 
7fcad3510000-7fcad3511000 r--p 00000000 08:01 3449                       /usr/lib/x86_64-linux-gnu/ld-2.31.so
7fcad3511000-7fcad3534000 r-xp 00001000 08:01 3449                       /usr/lib/x86_64-linux-gnu/ld-2.31.so
7fcad3534000-7fcad353c000 r--p 00024000 08:01 3449                       /usr/lib/x86_64-linux-gnu/ld-2.31.so
7fcad353c000-7fcad353d000 ---p 00000000 00:00 0 
7fcad353d000-7fcad353e000 r--p 0002c000 08:01 3449                       /usr/lib/x86_64-linux-gnu/ld-2.31.so
7fcad353e000-7fcad353f000 rw-p 0002d000 08:01 3449                       /usr/lib/x86_64-linux-gnu/ld-2.31.so
7fcad353f000-7fcad3540000 rw-p 00000000 00:00 0 
7ffc7d89f000-7ffc7d8c0000 rw-p 00000000 00:00 0                          [stack]
7ffc7d92a000-7ffc7d92e000 r--p 00000000 00:00 0                          [vvar]
7ffc7d92e000-7ffc7d930000 r-xp 00000000 00:00 0                          [vdso]
ffffffffff600000-ffffffffff601000 r-xp 00000000 00:00 0                  [vsyscall]


VM Arguments:
jvm_args: -Xmx8G -Xms8G 
java_command: server.jar nogui
java_class_path (initial): server.jar
Launcher Type: SUN_STANDARD

[Global flags]
     intx CICompilerCount                          = 2                                         {product} {ergonomic}
     uint ConcGCThreads                            = 1                                         {product} {ergonomic}
     uint G1ConcRefinementThreads                  = 2                                         {product} {ergonomic}
   size_t G1HeapRegionSize                         = 4194304                                   {product} {ergonomic}
    uintx GCDrainStackTargetSize                   = 64                                        {product} {ergonomic}
   size_t InitialHeapSize                          = 8589934592                                {product} {command line}
   size_t MarkStackSize                            = 4194304                                   {product} {ergonomic}
   size_t MaxHeapSize                              = 8589934592                                {product} {command line}
   size_t MinHeapDeltaBytes                        = 4194304                                   {product} {ergonomic}
   size_t MinHeapSize                              = 8589934592                                {product} {command line}
    uintx NonNMethodCodeHeapSize                   = 5826188                                {pd product} {ergonomic}
    uintx NonProfiledCodeHeapSize                  = 122916026                              {pd product} {ergonomic}
    uintx ProfiledCodeHeapSize                     = 122916026                              {pd product} {ergonomic}
    uintx ReservedCodeCacheSize                    = 251658240                              {pd product} {ergonomic}
     bool SegmentedCodeCache                       = true                                      {product} {ergonomic}
   size_t SoftMaxHeapSize                          = 8589934592                             {manageable} {ergonomic}
     bool UseCompressedClassPointers               = true                           {product lp64_product} {ergonomic}
     bool UseCompressedOops                        = true                           {product lp64_product} {ergonomic}
     bool UseG1GC                                  = true                                      {product} {ergonomic}

Logging:
Log output configuration:
 #0: stdout all=warning uptime,level,tags
 #1: stderr all=off uptime,level,tags

Environment Variables:
PATH=/usr/local/sbin:/usr/local/bin:/usr/sbin:/usr/bin:/sbin:/bin:/usr/games:/usr/local/games:/snap/bin
SHELL=/bin/bash
LANG=C.UTF-8

Signal Handlers:
   SIGSEGV: crash_handler in libjvm.so, mask=11100100010111111101111111111110, flags=SA_RESTART|SA_SIGINFO
    SIGBUS: crash_handler in libjvm.so, mask=11100100010111111101111111111110, flags=SA_RESTART|SA_SIGINFO
    SIGFPE: crash_handler in libjvm.so, mask=11100100010111111101111111111110, flags=SA_RESTART|SA_SIGINFO
   SIGPIPE: javaSignalHandler in libjvm.so, mask=11100100010111111101111111111110, flags=SA_RESTART|SA_SIGINFO
   SIGXFSZ: javaSignalHandler in libjvm.so, mask=11100100010111111101111111111110, flags=SA_RESTART|SA_SIGINFO
    SIGILL: crash_handler in libjvm.so, mask=11100100010111111101111111111110, flags=SA_RESTART|SA_SIGINFO
   SIGUSR2: SR_handler in libjvm.so, mask=00000000000000000000000000000000, flags=SA_RESTART|SA_SIGINFO
    SIGHUP: SIG_DFL, mask=00000000000000000000000000000000, flags=none
    SIGINT: SIG_DFL, mask=00000000000000000000000000000000, flags=none
   SIGTERM: SIG_DFL, mask=00000000000000000000000000000000, flags=none
   SIGQUIT: SIG_DFL, mask=00000000000000000000000000000000, flags=none
   SIGTRAP: crash_handler in libjvm.so, mask=11100100010111111101111111111110, flags=SA_RESTART|SA_SIGINFO


---------------  S Y S T E M  ---------------

OS:
DISTRIB_ID=Ubuntu
DISTRIB_RELEASE=20.04
DISTRIB_CODENAME=focal
DISTRIB_DESCRIPTION="Ubuntu 20.04.3 LTS"
uname: Linux 5.11.0-1022-azure #23~20.04.1-Ubuntu SMP Fri Nov 19 10:20:52 UTC 2021 x86_64
OS uptime: 0 days 0:07 hours
libc: glibc 2.31 NPTL 2.31 
rlimit (soft/hard): STACK 8192k/infinity , CORE 0k/infinity , NPROC 31807/31807 , NOFILE 1048576/1048576 , AS infinity/infinity , CPU infinity/infinity , DATA infinity/infinity , FSIZE infinity/infinity , MEMLOCK 65536k/65536k
load average: 0.20 0.21 0.09

/proc/meminfo:
MemTotal:        8150316 kB
MemFree:         6703844 kB
MemAvailable:    7638764 kB
Buffers:           35440 kB
Cached:          1103548 kB
SwapCached:            0 kB
Active:           532600 kB
Inactive:         724824 kB
Active(anon):        912 kB
Inactive(anon):   123092 kB
Active(file):     531688 kB
Inactive(file):   601732 kB
Unevictable:       18528 kB
Mlocked:           18528 kB
SwapTotal:             0 kB
SwapFree:              0 kB
Dirty:                 0 kB
Writeback:             0 kB
AnonPages:        136424 kB
Mapped:            75892 kB
Shmem:               972 kB
KReclaimable:      62024 kB
Slab:             101540 kB
SReclaimable:      62024 kB
SUnreclaim:        39516 kB
KernelStack:        2656 kB
PageTables:         2396 kB
NFS_Unstable:          0 kB
Bounce:                0 kB
WritebackTmp:          0 kB
CommitLimit:     4075156 kB
Committed_AS:     600784 kB
VmallocTotal:   34359738367 kB
VmallocUsed:       33520 kB
VmallocChunk:          0 kB
Percpu:             1608 kB
HardwareCorrupted:     0 kB
AnonHugePages:     24576 kB
ShmemHugePages:        0 kB
ShmemPmdMapped:        0 kB
FileHugePages:         0 kB
FilePmdMapped:         0 kB
HugePages_Total:       0
HugePages_Free:        0
HugePages_Rsvd:        0
HugePages_Surp:        0
Hugepagesize:       2048 kB
Hugetlb:               0 kB
DirectMap4k:      107852 kB
DirectMap2M:     3037184 kB
DirectMap1G:     7340032 kB

/sys/kernel/mm/transparent_hugepage/enabled: [always] madvise never
/sys/kernel/mm/transparent_hugepage/defrag (defrag/compaction efforts parameter): always defer defer+madvise [madvise] never

Process Memory:
Virtual Size: 1013404K (peak: 9398248K)
Resident Set Size: 18376K (peak: 18376K) (anon: 5852K, file: 12524K, shmem: 0K)
Swapped out: 0K
C-Heap outstanding allocations: 607K

/proc/sys/kernel/threads-max (system-wide limit on the number of threads): 63614
/proc/sys/vm/max_map_count (maximum number of memory map areas a process may have): 65530
/proc/sys/kernel/pid_max (system-wide limit on number of process identifiers): 4194304

container (cgroup) information:
container_type: cgroupv1
cpu_cpuset_cpus: 0-1
cpu_memory_nodes: 0
active_processor_count: 2
cpu_quota: no quota
cpu_period: 100000
cpu_shares: no shares
memory_limit_in_bytes: unlimited
memory_and_swap_limit_in_bytes: unlimited
memory_soft_limit_in_bytes: unlimited
memory_usage_in_bytes: 888131584
memory_max_usage_in_bytes: 1154904064

Hyper-V virtualization detected
Steal ticks since vm start: 0
Steal ticks percentage since vm start:  0.000

CPU: total 2 (initial active 2) (1 cores per cpu, 2 threads per core) family 6 model 85 stepping 7 microcode 0xffffffff, cx8, cmov, fxsr, ht, mmx, 3dnowpref, sse, sse2, sse3, ssse3, sse4.1, sse4.2, popcnt, lzcnt, tsc, avx, avx2, aes, erms, clmul, bmi1, bmi2, rtm, adx, avx512f, avx512dq, avx512cd, avx512bw, avx512vl, fma, vzeroupper, clflush, clflushopt, hv
CPU Model and flags from /proc/cpuinfo:
model name	: Intel(R) Xeon(R) Platinum 8272CL CPU @ 2.60GHz
flags		: fpu vme de pse tsc msr pae mce cx8 apic sep mtrr pge mca cmov pat pse36 clflush mmx fxsr sse sse2 ss ht syscall nx pdpe1gb rdtscp lm constant_tsc rep_good nopl xtopology cpuid pni pclmulqdq vmx ssse3 fma cx16 pcid sse4_1 sse4_2 movbe popcnt aes xsave avx f16c rdrand hypervisor lahf_lm abm 3dnowprefetch invpcid_single pti tpr_shadow vnmi ept vpid fsgsbase bmi1 hle avx2 smep bmi2 erms invpcid rtm mpx avx512f avx512dq rdseed adx smap clflushopt avx512cd avx512bw avx512vl xsaveopt xsavec xsaves md_clear

Online cpus: 0-1
Offline cpus: 
BIOS frequency limitation: <Not Available>
Frequency switch latency (ns): <Not Available>
Available cpu frequencies: <Not Available>
Current governor: <Not Available>
Core performance/turbo boost: <Not Available>

Memory: 4k page, physical 8150316k(6703844k free), swap 0k(0k free)
Page Sizes: 4k

vm_info: Java HotSpot(TM) 64-Bit Server VM (17.0.1+12-LTS-39) for linux-amd64 JRE (17.0.1+12-LTS-39), built on Sep 27 2021 17:33:53 by "mach5one" with gcc 10.3.0

END.
